

Started GET "/assets/rails.png" for 127.0.0.1 at Tue Nov 01 20:35:16 -0700 2011
Served asset /rails.png - 200 OK (3ms)


Started GET "/management/reports" for 127.0.0.1 at Tue Nov 01 22:38:12 -0700 2011

ActionController::RoutingError (uninitialized constant Management):
  

Rendered /Library/Ruby/Gems/1.8/gems/actionpack-3.1.1/lib/action_dispatch/middleware/templates/rescues/routing_error.erb within rescues/layout (2.9ms)


Started GET "/management/reports" for 127.0.0.1 at Tue Nov 01 22:40:53 -0700 2011

ActionController::RoutingError (uninitialized constant Management):
  

Rendered /Library/Ruby/Gems/1.8/gems/actionpack-3.1.1/lib/action_dispatch/middleware/templates/rescues/routing_error.erb within rescues/layout (2.7ms)


Started GET "/management/reports" for 127.0.0.1 at Tue Nov 01 22:40:54 -0700 2011

ActionController::RoutingError (uninitialized constant Management):
  

Rendered /Library/Ruby/Gems/1.8/gems/actionpack-3.1.1/lib/action_dispatch/middleware/templates/rescues/routing_error.erb within rescues/layout (0.5ms)


Started GET "/management/reports" for 127.0.0.1 at Tue Nov 01 22:40:57 -0700 2011

ActionController::RoutingError (uninitialized constant Management):
  

Rendered /Library/Ruby/Gems/1.8/gems/actionpack-3.1.1/lib/action_dispatch/middleware/templates/rescues/routing_error.erb within rescues/layout (0.6ms)


Started GET "/management/reports" for 127.0.0.1 at Tue Nov 01 22:44:13 -0700 2011

ActionController::RoutingError (uninitialized constant Management):
  

Rendered /Library/Ruby/Gems/1.8/gems/actionpack-3.1.1/lib/action_dispatch/middleware/templates/rescues/routing_error.erb within rescues/layout (0.7ms)


Started GET "/management/reports" for 127.0.0.1 at Tue Nov 01 22:44:15 -0700 2011

ActionController::RoutingError (uninitialized constant Management):
  

Rendered /Library/Ruby/Gems/1.8/gems/actionpack-3.1.1/lib/action_dispatch/middleware/templates/rescues/routing_error.erb within rescues/layout (0.5ms)


Started GET "/management/reports" for 127.0.0.1 at Tue Nov 01 22:44:16 -0700 2011

ActionController::RoutingError (uninitialized constant Management):
  

Rendered /Library/Ruby/Gems/1.8/gems/actionpack-3.1.1/lib/action_dispatch/middleware/templates/rescues/routing_error.erb within rescues/layout (0.6ms)


Started GET "/management/reports" for 127.0.0.1 at Tue Nov 01 22:44:51 -0700 2011
  Processing by ManagementController#reports as HTML
Completed 500 Internal Server Error in 9ms

ActionView::MissingTemplate (Missing template management/reports, application/reports with {:locale=>[:en, :en], :handlers=>[:builder, :erb, :coffee], :formats=>[:html]}. Searched in:
  * "/Users/kavlatiolais/Projects/Jigsaw-Membership/app/views"
):
  

Rendered /Library/Ruby/Gems/1.8/gems/actionpack-3.1.1/lib/action_dispatch/middleware/templates/rescues/missing_template.erb within rescues/layout (0.4ms)
